% time     seconds  usecs/call     calls    errors syscall
------ ----------- ----------- --------- --------- ----------------
 73,14    0,002766        2766         1           wait4
  6,74    0,000255           6        38           mmap
  5,02    0,000190           2        82        68 openat
  3,12    0,000118          14         8           munmap
  2,46    0,000093           9        10           mprotect
  1,64    0,000062           6        10           pread64
  1,51    0,000057           6         9           read
  1,24    0,000047           3        13           fstat
  0,87    0,000033           2        13           close
  0,71    0,000027           4         6           brk
  0,69    0,000026           5         5         1 futex
  0,66    0,000025           6         4           rt_sigaction
  0,63    0,000024          12         2           statfs
  0,32    0,000012           6         2           rt_sigprocmask
  0,32    0,000012           3         4         2 arch_prctl
  0,32    0,000012           6         2           set_tid_address
  0,32    0,000012           6         2           prlimit64
  0,29    0,000011           3         3           set_robust_list
  0,00    0,000000           0         2           write
  0,00    0,000000           0        16        14 stat
  0,00    0,000000           0         2         2 access
  0,00    0,000000           0         1           clone
  0,00    0,000000           0         2           execve
  0,00    0,000000           0         1           ftruncate
  0,00    0,000000           0         1           unlink
------ ----------- ----------- --------- --------- ----------------
100,00    0,003782          15       239        87 total
